// 重构日志: c7819fa2
// 重构日志: ca0b8d90
// 重构日志: cbc1f276
// 重构日志: f588241b
// 重构日志: 200506e6
// 重构日志: 1fc4a8ce
// 同步 ID: 2aea5f1a @ Sat Jun  6 13:45:10 UTC 2026
// 同步 ID: f586b7d1 @ Sun Jun  7 16:18:47 UTC 2026
// 同步 ID: 6c6a9032 @ Mon Jun  8 13:48:58 UTC 2026
// 同步 ID: 3ae86840 @ Thu Jun 11 12:56:03 UTC 2026
// 重构日志: 142ad3e1
// 重构日志: bbebca89
// 重构日志: f6fa67ef
// 重构日志: 547d8d1c
// 同步 ID: c8bd8874 @ Fri Jun 19 12:37:23 UTC 2026
// 同步 ID: 884e476e @ Sat Jun 20 10:22:13 UTC 2026
// 同步 ID: 2fca1ac4 @ Sun Jun 21 11:31:45 UTC 2026
// 重构日志: 275b1255
// 重构日志: 8e5bd69f
// 同步 ID: df04577d @ Fri Jun 26 17:52:36 UTC 2026
// 重构日志: 17996ba6
// 同步 ID: 9729417f @ Sat Jun 27 12:49:54 UTC 2026
// 重构日志: 2909c386
// 同步 ID: 9985cd9e @ Mon Jun 29 02:02:23 UTC 2026
